#
# There is insufficient memory for the Java Runtime Environment to continue.
# Native memory allocation (mmap) failed to map 130023424 bytes for G1 virtual space
# Possible reasons:
#   The system is out of physical RAM or swap space
#   The process is running with CompressedOops enabled, and the Java Heap may be blocking the growth of the native heap
# Possible solutions:
#   Reduce memory load on the system
#   Increase physical memory or swap space
#   Check if swap backing store is full
#   Decrease Java heap size (-Xmx/-Xms)
#   Decrease number of Java threads
#   Decrease Java thread stack sizes (-Xss)
#   Set larger code cache with -XX:ReservedCodeCacheSize=
#   JVM is running with Unscaled Compressed Oops mode in which the Java heap is
#     placed in the first 4GB address space. The Java Heap base address is the
#     maximum limit for the native heap growth. Please use -XX:HeapBaseMinAddress
#     to set the Java Heap base and to place the Java Heap above 4GB virtual address.
# This output file may be truncated or incomplete.
#
#  Out of Memory Error (os_windows.cpp:3559), pid=21004, tid=11004
#
# JRE version:  (17.0.7+7) (build )
# Java VM: OpenJDK 64-Bit Server VM (17.0.7+7-LTS, mixed mode, sharing, tiered, compressed oops, compressed class ptrs, g1 gc, windows-amd64)
# No core dump will be written. Minidumps are not enabled by default on client versions of Windows
#

---------------  S U M M A R Y ------------

Command Line: -javaagent:C:\Program Files\JetBrains\IntelliJ IDEA Community Edition 2022.2.3\lib\idea_rt.jar=55694:C:\Program Files\JetBrains\IntelliJ IDEA Community Edition 2022.2.3\bin -Dfile.encoding=UTF-8 com.hellojpa.jpa.JpaApplication

Host: 11th Gen Intel(R) Core(TM) i5-1135G7 @ 2.40GHz, 8 cores, 7G,  Windows 10 , 64 bit Build 19041 (10.0.19041.2913)
Time: Thu Jun 15 17:42:07 2023  Windows 10 , 64 bit Build 19041 (10.0.19041.2913) elapsed time: 0.020853 seconds (0d 0h 0m 0s)

---------------  T H R E A D  ---------------

Current thread (0x0000015aabd54e60):  JavaThread "Unknown thread" [_thread_in_vm, id=11004, stack(0x000000362f900000,0x000000362fa00000)]

Stack: [0x000000362f900000,0x000000362fa00000]
Native frames: (J=compiled Java code, j=interpreted, Vv=VM code, C=native code)
V  [jvm.dll+0x64b53a]
V  [jvm.dll+0x7fef54]
V  [jvm.dll+0x80070e]
V  [jvm.dll+0x800d63]
V  [jvm.dll+0x236a2b]
V  [jvm.dll+0x64843a]
V  [jvm.dll+0x63ce8a]
V  [jvm.dll+0x2f5629]
V  [jvm.dll+0x2fc826]
V  [jvm.dll+0x348eea]
V  [jvm.dll+0x34912f]
V  [jvm.dll+0x2cb9a8]
V  [jvm.dll+0x2cc939]
V  [jvm.dll+0x7d2cd1]
V  [jvm.dll+0x3563c1]
V  [jvm.dll+0x7b32ae]
V  [jvm.dll+0x3d38d3]
V  [jvm.dll+0x3d52c1]
C  [jli.dll+0x51bf]
C  [ucrtbase.dll+0x21bb2]
C  [KERNEL32.DLL+0x17614]
C  [ntdll.dll+0x526a1]


---------------  P R O C E S S  ---------------

Threads class SMR info:
_java_thread_list=0x00007fff2d37c858, length=0, elements={
}

Java Threads: ( => current thread )

Other Threads:
  0x0000015aabdb03a0 GCTaskThread "GC Thread#0" [stack: 0x000000362fa00000,0x000000362fb00000] [id=21668]
  0x0000015aa9cbddc0 ConcurrentGCThread "G1 Main Marker" [stack: 0x000000362fb00000,0x000000362fc00000] [id=2980]
  0x0000015aa9cbe6e0 ConcurrentGCThread "G1 Conc#0" [stack: 0x000000362fc00000,0x000000362fd00000] [id=3924]

[error occurred during error reporting (printing all threads), id 0xc0000005, EXCEPTION_ACCESS_VIOLATION (0xc0000005) at pc=0x00007fff2cb6cc47]

VM state: not at safepoint (not fully initialized)

VM Mutex/Monitor currently owned by a thread:  ([mutex/lock_event])
[0x0000015aabd514f0] Heap_lock - owner thread: 0x0000015aabd54e60

Heap address: 0x0000000084400000, size: 1980 MB, Compressed Oops mode: 32-bit

CDS archive(s) mapped at: [0x0000000000000000-0x0000000000000000-0x0000000000000000), size 0, SharedBaseAddress: 0x0000000800000000, ArchiveRelocationMode: 0.
Narrow klass base: 0x0000000000000000, Narrow klass shift: 0, Narrow klass range: 0x0

GC Precious Log:
<Empty>

Heap:
 garbage-first heap   total 0K, used 0K [0x0000000084400000, 0x0000000100000000)
  region size 1024K, 0 young (0K), 0 survivors (0K)

[error occurred during error reporting (printing heap information), id 0xc0000005, EXCEPTION_ACCESS_VIOLATION (0xc0000005) at pc=0x00007fff2cf33419]

GC Heap History (0 events):
No events

Dll operation events (1 events):
Event: 0.015 Loaded shared library C:\Users\안영준\.jdks\corretto-17.0.7\bin\java.dll

Deoptimization events (0 events):
No events

Classes unloaded (0 events):
No events

Classes redefined (0 events):
No events

Internal exceptions (0 events):
No events

VM Operations (0 events):
No events

Events (0 events):
No events


Dynamic libraries:
0x00007ff660610000 - 0x00007ff66061d000 	C:\Users\안영준\.jdks\corretto-17.0.7\bin\java.exe
0x00007fff83490000 - 0x00007fff83688000 	C:\Windows\SYSTEM32\ntdll.dll
0x00007fff83300000 - 0x00007fff833bf000 	C:\Windows\System32\KERNEL32.DLL
0x00007fff80f90000 - 0x00007fff81286000 	C:\Windows\System32\KERNELBASE.dll
0x00007fff80da0000 - 0x00007fff80ea0000 	C:\Windows\System32\ucrtbase.dll
0x00007fff71370000 - 0x00007fff71385000 	C:\Users\안영준\.jdks\corretto-17.0.7\bin\VCRUNTIME140.dll
0x00007fff747b0000 - 0x00007fff747c7000 	C:\Users\안영준\.jdks\corretto-17.0.7\bin\jli.dll
0x00007fff82fa0000 - 0x00007fff8313d000 	C:\Windows\System32\USER32.dll
0x00007fff80be0000 - 0x00007fff80c02000 	C:\Windows\System32\win32u.dll
0x00007fff83140000 - 0x00007fff8316c000 	C:\Windows\System32\GDI32.dll
0x00007fff813d0000 - 0x00007fff814e5000 	C:\Windows\System32\gdi32full.dll
0x00007fff80ea0000 - 0x00007fff80f3d000 	C:\Windows\System32\msvcp_win.dll
0x00007fff63e30000 - 0x00007fff640ca000 	C:\Windows\WinSxS\amd64_microsoft.windows.common-controls_6595b64144ccf1df_6.0.19041.1110_none_60b5254171f9507e\COMCTL32.dll
0x00007fff82e00000 - 0x00007fff82e9e000 	C:\Windows\System32\msvcrt.dll
0x00007fff81ac0000 - 0x00007fff81af0000 	C:\Windows\System32\IMM32.DLL
0x00007fff4d220000 - 0x00007fff4d2bb000 	C:\Users\안영준\.jdks\corretto-17.0.7\bin\msvcp140.dll
0x00007fff2c890000 - 0x00007fff2d4aa000 	C:\Users\안영준\.jdks\corretto-17.0.7\bin\server\jvm.dll
0x00007fff81620000 - 0x00007fff816cf000 	C:\Windows\System32\ADVAPI32.dll
0x00007fff81990000 - 0x00007fff81a2c000 	C:\Windows\System32\sechost.dll
0x00007fff81af0000 - 0x00007fff81c16000 	C:\Windows\System32\RPCRT4.dll
0x00007fff6f3f0000 - 0x00007fff6f3f9000 	C:\Windows\SYSTEM32\WSOCK32.dll
0x00007fff77f70000 - 0x00007fff77f7a000 	C:\Windows\SYSTEM32\VERSION.dll
0x00007fff82210000 - 0x00007fff8227b000 	C:\Windows\System32\WS2_32.dll
0x00007fff66480000 - 0x00007fff664a7000 	C:\Windows\SYSTEM32\WINMM.dll
0x00007fff7f3b0000 - 0x00007fff7f3c2000 	C:\Windows\SYSTEM32\kernel.appcore.dll
0x00007fff78f90000 - 0x00007fff78f9a000 	C:\Users\안영준\.jdks\corretto-17.0.7\bin\jimage.dll
0x00007fff7e790000 - 0x00007fff7e974000 	C:\Windows\SYSTEM32\DBGHELP.DLL
0x00007fff76570000 - 0x00007fff765a4000 	C:\Windows\SYSTEM32\dbgcore.DLL
0x00007fff81340000 - 0x00007fff813c2000 	C:\Windows\System32\bcryptPrimitives.dll
0x00007fff73870000 - 0x00007fff7387e000 	C:\Users\안영준\.jdks\corretto-17.0.7\bin\instrument.dll
0x00007fff54960000 - 0x00007fff54985000 	C:\Users\안영준\.jdks\corretto-17.0.7\bin\java.dll

dbghelp: loaded successfully - version: 4.0.5 - missing functions: none
symbol engine: initialized successfully - sym options: 0x614 - pdb path: .;C:\Users\안영준\.jdks\corretto-17.0.7\bin;C:\Windows\SYSTEM32;C:\Windows\WinSxS\amd64_microsoft.windows.common-controls_6595b64144ccf1df_6.0.19041.1110_none_60b5254171f9507e;C:\Users\안영준\.jdks\corretto-17.0.7\bin\;C:\Users\안영준\.jdks\corretto-17.0.7\b

VM Arguments:
jvm_args: -javaagent:C:\Program Files\JetBrains\IntelliJ IDEA Community Edition 2022.2.3\lib\idea_rt.jar=55694:C:\Program Files\JetBrains\IntelliJ IDEA Community Edition 2022.2.3\bin -Dfile.encoding=UTF-8 
java_command: com.hellojpa.jpa.JpaApplication
java_class_path (initial): C:\Users\안영준\Downloads\jpa2\target\classes;C:\Users\안영준\.m2\repository\org\springframework\boot\spring-boot-starter-data-jpa\2.7.13-SNAPSHOT\spring-boot-starter-data-jpa-2.7.13-20230614.235612-29.jar;C:\Users\안영준\.m2\repository\org\springframework\boot\spring-boot-starter-aop\2.7.13-SNAPSHOT\spring-boot-starter-aop-2.7.13-20230614.235612-29.jar;C:\Users\안영준\.m2\repository\org\springframework\spring-aop\5.3.28-SNAPSHOT\spring-aop-5.3.28-20230614.210206-18.jar;C:\Users\안영준\.m2\repository\org\aspectj\aspectjweaver\1.9.7\aspectjweaver-1.9.7.jar;C:\Users\안영준\.m2\repository\org\springframework\boot\spring-boot-starter-jdbc\2.7.13-SNAPSHOT\spring-boot-starter-jdbc-2.7.13-20230614.235612-29.jar;C:\Users\안영준\.m2\repository\com\zaxxer\HikariCP\4.0.3\HikariCP-4.0.3.jar;C:\Users\안영준\.m2\repository\org\springframework\spring-jdbc\5.3.28-SNAPSHOT\spring-jdbc-5.3.28-20230614.210206-18.jar;C:\Users\안영준\.m2\repository\jakarta\transaction\jakarta.transaction-api\1.3.3\jakarta.transaction-api-1.3.3.jar;C:\Users\안영준\.m2\repository\jakarta\persistence\jakarta.persistence-api\2.2.3\jakarta.persistence-api-2.2.3.jar;C:\Users\안영준\.m2\repository\org\springframework\data\spring-data-jpa\2.7.13-SNAPSHOT\spring-data-jpa-2.7.13-20230614.155435-40.jar;C:\Users\안영준\.m2\repository\org\springframework\data\spring-data-commons\2.7.13-SNAPSHOT\spring-data-commons-2.7.13-20230614.154217-39.jar;C:\Users\안영준\.m2\repository\org\springframework\spring-orm\5.3.28-SNAPSHOT\spring-orm-5.3.28-20230614.210206-18.jar;C:\Users\안영준\.m2\repository\org\springframework\spring-context\5.3.28-SNAPSHOT\spring-context-5.3.28-20230614.210206-18.jar;C:\Users\안영준\.m2\repository\org\springframework\spring-tx\5.3.28-SNAPSHOT\spring-tx-5.3.28-20230614.210206-18.jar;C:\Users\안영준\.m2\repository\org\springframework\spring-beans\5.3.28-SNAPSHOT\spring-beans-5.3.28-20230614.210206-18.jar;C:\Users\안영준\.m2\repository\org\slf4j\slf4j-api\1.7.36\slf4j-api-
Launcher Type: SUN_STANDARD

[Global flags]
     intx CICompilerCount                          = 4                                         {product} {ergonomic}
     uint ConcGCThreads                            = 2                                         {product} {ergonomic}
     uint G1ConcRefinementThreads                  = 8                                         {product} {ergonomic}
   size_t G1HeapRegionSize                         = 1048576                                   {product} {ergonomic}
    uintx GCDrainStackTargetSize                   = 64                                        {product} {ergonomic}
   size_t InitialHeapSize                          = 130023424                                 {product} {ergonomic}
   size_t MarkStackSize                            = 4194304                                   {product} {ergonomic}
   size_t MaxHeapSize                              = 2076180480                                {product} {ergonomic}
   size_t MinHeapDeltaBytes                        = 1048576                                   {product} {ergonomic}
   size_t MinHeapSize                              = 8388608                                   {product} {ergonomic}
    uintx NonNMethodCodeHeapSize                   = 5839372                                {pd product} {ergonomic}
    uintx NonProfiledCodeHeapSize                  = 122909434                              {pd product} {ergonomic}
    uintx ProfiledCodeHeapSize                     = 122909434                              {pd product} {ergonomic}
    uintx ReservedCodeCacheSize                    = 251658240                              {pd product} {ergonomic}
     bool SegmentedCodeCache                       = true                                      {product} {ergonomic}
   size_t SoftMaxHeapSize                          = 2076180480                             {manageable} {ergonomic}
     bool UseCompressedClassPointers               = true                           {product lp64_product} {ergonomic}
     bool UseCompressedOops                        = true                           {product lp64_product} {ergonomic}
     bool UseG1GC                                  = true                                      {product} {ergonomic}
     bool UseLargePagesIndividualAllocation        = false                                  {pd product} {ergonomic}

Logging:
Log output configuration:
 #0: stdout all=warning uptime,level,tags
 #1: stderr all=off uptime,level,tags

Environment Variables:
JAVA_HOME=C:\Program Files\Java\jdk-11.0.16.1
PATH=C:\Windows\system32;C:\Windows;C:\Windows\System32\Wbem;C:\Windows\System32\WindowsPowerShell\v1.0\;C:\Windows\System32\OpenSSH\;C:\Program Files\nodejs\;C:\Program Files\Git\cmd;C:\Program Files\Java\jdk-11.0.16.1\bin;C:\Program Files\Bandizip\;C:\Program Files\MySQL\MySQL Workbench 8.0 CE;C:\Program Files (x86)\Vim\vim90;C:\Program Files\PostgreSQL\11\bin;C:\Program Files\MySQL\MySQL Server 8.0\bin;C:\Program Files\Docker\Docker\resources\bin;C:\Program Files\MySQL\MySQL Shell 8.0\bin\;C:\Users\안영준\AppData\Local\Microsoft\WindowsApps;C:\Users\안영준\AppData\Roaming\npm;C:\Users\안영준\AppData\Local\Programs\Microsoft VS Code\bin
USERNAME=안영준
LANG=KO
OS=Windows_NT
PROCESSOR_IDENTIFIER=Intel64 Family 6 Model 140 Stepping 1, GenuineIntel
TMP=C:\Users\안영준\AppData\Local\Temp
TEMP=C:\Users\안영준\AppData\Local\Temp



---------------  S Y S T E M  ---------------

OS:
 Windows 10 , 64 bit Build 19041 (10.0.19041.2913)
OS uptime: 35 days 16:43 hours
Hyper-V role detected

CPU: total 8 (initial active 8) (4 cores per cpu, 2 threads per core) family 6 model 140 stepping 1 microcode 0x8a, cx8, cmov, fxsr, ht, mmx, 3dnowpref, sse, sse2, sse3, ssse3, sse4.1, sse4.2, popcnt, lzcnt, tsc, tscinvbit, avx, avx2, aes, erms, clmul, bmi1, bmi2, adx, avx512f, avx512dq, avx512cd, avx512bw, avx512vl, sha, fma, vzeroupper, avx512_vpopcntdq, avx512_vpclmulqdq, avx512_vaes, avx512_vnni, clflush, clflushopt, clwb, avx512_vbmi2, avx512_vbmi, hv

Memory: 4k page, system-wide physical 7915M (273M free)
TotalPageFile size 32491M (AvailPageFile size 17M)
current process WorkingSet (physical memory assigned to process): 10M, peak: 10M
current process commit charge ("private bytes"): 60M, peak: 184M

vm_info: OpenJDK 64-Bit Server VM (17.0.7+7-LTS) for windows-amd64 JRE (17.0.7+7-LTS), built on Apr 14 2023 01:39:21 by "Administrator" with MS VC++ 15.9 (VS2017)

END.
